<?xml version="1.0" encoding="UTF-8"?>
<!-- Generated by org.testng.reporters.JUnitXMLReporter -->
<testsuite ignored="0" hostname="Sharafaths-MacBook-Air.local" failures="1" tests="2" name="chrome Test" time="6.752" errors="0" timestamp="2026-04-19T20:44:09 AST">
  <testcase classname="demoProject.LoginTest" name="VerifytheUserValidCredentials" time="0.14">
    <failure type="java.lang.IllegalStateException" message="Cannot get a NUMERIC value from a STRING cell">
      <![CDATA[java.lang.IllegalStateException: Cannot get a NUMERIC value from a STRING cell
at org.apache.poi.xssf.usermodel.XSSFCell.typeMismatch(XSSFCell.java:987)
at org.apache.poi.xssf.usermodel.XSSFCell.getNumericCellValue(XSSFCell.java:260)
at utilities.ExcelUtilities.getIntegerData(ExcelUtilities.java:36)
at demoProject.LoginTest.VerifytheUserValidCredentials(LoginTest.java:21)
at java.base/java.util.ArrayList.forEach(ArrayList.java:1596)
at java.base/java.util.concurrent.FutureTask.run(FutureTask.java:317)
at java.base/java.util.concurrent.ThreadPoolExecutor.runWorker(ThreadPoolExecutor.java:1144)
at java.base/java.util.concurrent.ThreadPoolExecutor$Worker.run(ThreadPoolExecutor.java:642)
at java.base/java.lang.Thread.run(Thread.java:1583)
... Removed 15 stack frames]]>
    </failure>
  </testcase> <!-- VerifytheUserValidCredentials -->
  <testcase classname="demoProject.Login" name="User1" time="0.001"/>
</testsuite> <!-- chrome Test -->
