<?xml version="1.0" encoding="UTF-8"?>
<!-- Generated by org.testng.reporters.JUnitXMLReporter -->
<testsuite ignored="0" hostname="Sharafaths-MacBook-Air.local" failures="0" tests="2" name="Safari Test" time="0.004" errors="0" timestamp="2026-04-19T20:37:47 AST">
  <testcase classname="demoProject.LoginTest" name="VerifytheUserValidCredentials" time="0.0">
    <skipped/>
  </testcase> <!-- VerifytheUserValidCredentials -->
  <testcase classname="demoProject.Login" name="User1" time="0.0">
    <skipped/>
  </testcase> <!-- User1 -->
</testsuite> <!-- Safari Test -->
