<?xml version="1.0" encoding="UTF-8"?>
<!-- Generated by org.testng.reporters.JUnitXMLReporter -->
<testsuite ignored="3" hostname="Sharafaths-MacBook-Air.local" failures="0" tests="1" name="Test" time="0.021" errors="0" timestamp="2026-04-19T21:07:44 AST">
  <testcase classname="demoProject.Base" name="@BeforeMethod browserInitialization" time="-1.776622064681E9">
    <failure type="org.testng.TestNGException" message="
Parameter &amp;apos;browser&amp;apos; is required by BeforeMethod on method browserInitialization but has not been marked @Optional or defined
in /Users/sharafath/git/MyrepositoryDemo/DemoProject/Grouping.xml">
      <![CDATA[org.testng.TestNGException: 
Parameter 'browser' is required by BeforeMethod on method browserInitialization but has not been marked @Optional or defined
in /Users/sharafath/git/MyrepositoryDemo/DemoProject/Grouping.xml
at java.base/java.util.ArrayList.forEach(ArrayList.java:1596)
... Removed 28 stack frames]]>
    </failure>
  </testcase> <!-- @BeforeMethod browserInitialization -->
  <testcase classname="demoProject.Base" name="@AfterMethod browserQuitAndClose" time="0.004">
    <failure type="java.lang.NullPointerException" message="Cannot invoke &amp;quot;org.openqa.selenium.WebDriver.quit()&amp;quot; because &amp;quot;this.driver&amp;quot; is null">
      <![CDATA[java.lang.NullPointerException: Cannot invoke "org.openqa.selenium.WebDriver.quit()" because "this.driver" is null
at demoProject.Base.browserQuitAndClose(Base.java:35)
at java.base/java.util.ArrayList.forEach(ArrayList.java:1596)
... Removed 30 stack frames]]>
    </failure>
  </testcase> <!-- @AfterMethod browserQuitAndClose -->
  <testcase classname="demoProject.LoginTest" name="VerifytheUserValidCredentials" time="0.0">
    <skipped/>
  </testcase> <!-- VerifytheUserValidCredentials -->
  <testcase classname="demoProject.LoginTest" name="VerifytheUser2" time="0.0">
    <ignored/>
  </testcase> <!-- VerifytheUser2 -->
  <testcase classname="demoProject.LoginTest" name="Verifytheuser1" time="0.0">
    <ignored/>
  </testcase> <!-- Verifytheuser1 -->
  <testcase classname="demoProject.Login" name="User1" time="0.0">
    <ignored/>
  </testcase> <!-- User1 -->
</testsuite> <!-- Test -->
