<?xml version="1.0" encoding="UTF-8"?>
<!-- Generated by org.testng.reporters.JUnitXMLReporter -->
<testsuite ignored="0" hostname="Sharafaths-MacBook-Air.local" failures="0" tests="4" name="Default test" time="10.091" errors="0" timestamp="2026-04-12T21:54:05 AST">
  <testcase classname="demoProject.Login" name="User1" time="0.251"/>
  <testcase classname="demoProject.Login" name="User2" time="0.297"/>
  <testcase classname="demoProject.Login" name="User3" time="0.288"/>
  <testcase classname="demoProject.Login" name="User4" time="0.299"/>
</testsuite> <!-- Default test -->
