<?xml version="1.0" encoding="UTF-8"?>
<testng-results ignored="0" total="4" passed="4" failed="0" skipped="0">
  <reporter-output>
  </reporter-output>
  <suite started-at="2026-04-12T21:53:55 AST" name="Default suite" finished-at="2026-04-12T21:54:05 AST" duration-ms="10091">
    <groups>
    </groups>
    <test started-at="2026-04-12T21:53:55 AST" name="Default test" finished-at="2026-04-12T21:54:05 AST" duration-ms="10091">
      <class name="demoProject.Login">
        <test-method is-config="true" signature="browserInitialization()[pri:0, instance:demoProject.Login@8f4ea7c]" started-at="2026-04-12T21:53:55 AST" name="browserInitialization" finished-at="2026-04-12T21:53:57 AST" duration-ms="2407" status="PASS">
          <reporter-output>
          </reporter-output>
        </test-method> <!-- browserInitialization -->
        <test-method signature="User1()[pri:1, instance:demoProject.Login@8f4ea7c]" started-at="2026-04-12T21:53:57 AST" name="User1" finished-at="2026-04-12T21:53:57 AST" duration-ms="251" status="PASS">
          <reporter-output>
          </reporter-output>
        </test-method> <!-- User1 -->
        <test-method is-config="true" signature="browserQuitAndClose()[pri:0, instance:demoProject.Login@8f4ea7c]" started-at="2026-04-12T21:53:57 AST" name="browserQuitAndClose" finished-at="2026-04-12T21:53:58 AST" duration-ms="81" status="PASS">
          <reporter-output>
          </reporter-output>
        </test-method> <!-- browserQuitAndClose -->
        <test-method is-config="true" signature="browserInitialization()[pri:0, instance:demoProject.Login@8f4ea7c]" started-at="2026-04-12T21:53:58 AST" name="browserInitialization" finished-at="2026-04-12T21:54:00 AST" duration-ms="2164" status="PASS">
          <reporter-output>
          </reporter-output>
        </test-method> <!-- browserInitialization -->
        <test-method signature="User2()[pri:2, instance:demoProject.Login@8f4ea7c]" started-at="2026-04-12T21:54:00 AST" name="User2" finished-at="2026-04-12T21:54:00 AST" duration-ms="297" status="PASS">
          <reporter-output>
          </reporter-output>
        </test-method> <!-- User2 -->
        <test-method is-config="true" signature="browserQuitAndClose()[pri:0, instance:demoProject.Login@8f4ea7c]" started-at="2026-04-12T21:54:00 AST" name="browserQuitAndClose" finished-at="2026-04-12T21:54:00 AST" duration-ms="79" status="PASS">
          <reporter-output>
          </reporter-output>
        </test-method> <!-- browserQuitAndClose -->
        <test-method is-config="true" signature="browserInitialization()[pri:0, instance:demoProject.Login@8f4ea7c]" started-at="2026-04-12T21:54:00 AST" name="browserInitialization" finished-at="2026-04-12T21:54:02 AST" duration-ms="1931" status="PASS">
          <reporter-output>
          </reporter-output>
        </test-method> <!-- browserInitialization -->
        <test-method signature="User3()[pri:3, instance:demoProject.Login@8f4ea7c]" started-at="2026-04-12T21:54:02 AST" name="User3" finished-at="2026-04-12T21:54:02 AST" duration-ms="288" status="PASS">
          <reporter-output>
          </reporter-output>
        </test-method> <!-- User3 -->
        <test-method is-config="true" signature="browserQuitAndClose()[pri:0, instance:demoProject.Login@8f4ea7c]" started-at="2026-04-12T21:54:02 AST" name="browserQuitAndClose" finished-at="2026-04-12T21:54:02 AST" duration-ms="79" status="PASS">
          <reporter-output>
          </reporter-output>
        </test-method> <!-- browserQuitAndClose -->
        <test-method is-config="true" signature="browserInitialization()[pri:0, instance:demoProject.Login@8f4ea7c]" started-at="2026-04-12T21:54:02 AST" name="browserInitialization" finished-at="2026-04-12T21:54:05 AST" duration-ms="2121" status="PASS">
          <reporter-output>
          </reporter-output>
        </test-method> <!-- browserInitialization -->
        <test-method signature="User4()[pri:4, instance:demoProject.Login@8f4ea7c]" started-at="2026-04-12T21:54:05 AST" name="User4" finished-at="2026-04-12T21:54:05 AST" duration-ms="299" status="PASS">
          <reporter-output>
          </reporter-output>
        </test-method> <!-- User4 -->
        <test-method is-config="true" signature="browserQuitAndClose()[pri:0, instance:demoProject.Login@8f4ea7c]" started-at="2026-04-12T21:54:05 AST" name="browserQuitAndClose" finished-at="2026-04-12T21:54:05 AST" duration-ms="79" status="PASS">
          <reporter-output>
          </reporter-output>
        </test-method> <!-- browserQuitAndClose -->
      </class> <!-- demoProject.Login -->
    </test> <!-- Default test -->
  </suite> <!-- Default suite -->
</testng-results>
