<?xml version="1.0" encoding="UTF-8"?>
<!-- Generated by org.testng.reporters.JUnitXMLReporter -->
<testsuite ignored="0" hostname="Sharafaths-MacBook-Air.local" failures="0" tests="2" name="Test" time="0.017" errors="0" timestamp="2026-04-19T20:38:36 AST">
  <testcase classname="demoProject.Base" name="@BeforeMethod browserInitialization" time="-1.776620316294E9">
    <failure type="org.testng.TestNGException" message="
Parameter &amp;apos;browser&amp;apos; is required by BeforeMethod on method browserInitialization but has not been marked @Optional or defined
in /Users/sharafath/git/MyrepositoryDemo/DemoProject/testng.xml">
      <![CDATA[org.testng.TestNGException: 
Parameter 'browser' is required by BeforeMethod on method browserInitialization but has not been marked @Optional or defined
in /Users/sharafath/git/MyrepositoryDemo/DemoProject/testng.xml
at java.base/java.util.ArrayList.forEach(ArrayList.java:1596)
... Removed 28 stack frames]]>
    </failure>
  </testcase> <!-- @BeforeMethod browserInitialization -->
  <testcase classname="demoProject.Base" name="@BeforeMethod browserInitialization" time="-1.7766203163E9">
    <failure type="org.testng.TestNGException" message="
Parameter &amp;apos;browser&amp;apos; is required by BeforeMethod on method browserInitialization but has not been marked @Optional or defined
in /Users/sharafath/git/MyrepositoryDemo/DemoProject/testng.xml">
      <![CDATA[org.testng.TestNGException: 
Parameter 'browser' is required by BeforeMethod on method browserInitialization but has not been marked @Optional or defined
in /Users/sharafath/git/MyrepositoryDemo/DemoProject/testng.xml
at java.base/java.util.ArrayList.forEach(ArrayList.java:1596)
... Removed 28 stack frames]]>
    </failure>
  </testcase> <!-- @BeforeMethod browserInitialization -->
  <testcase classname="demoProject.LoginTest" name="VerifytheUserValidCredentials" time="0.0">
    <skipped/>
  </testcase> <!-- VerifytheUserValidCredentials -->
  <testcase classname="demoProject.Login" name="User1" time="0.0">
    <skipped/>
  </testcase> <!-- User1 -->
</testsuite> <!-- Test -->
