<?xml version="1.0" encoding="UTF-8"?>
<!-- Generated by org.testng.reporters.JUnitReportReporter -->
<testsuite hostname="Sharafaths-MacBook-Air.local" failures="0" tests="4" name="demoProject.Login" time="10.076" errors="0" timestamp="2026-04-12T21:54:05 AST" skipped="0">
  <testcase classname="demoProject.Login" name="User1" time="2.263"/>
  <testcase classname="demoProject.Login" name="User2" time="2.497"/>
  <testcase classname="demoProject.Login" name="User3" time="2.531"/>
  <testcase classname="demoProject.Login" name="User4" time="2.785"/>
</testsuite> <!-- demoProject.Login -->
